<?xml version="1.0" encoding="UTF-8"?>
<Site BuildName="(empty)"
	BuildStamp="20240930-1733-Experimental"
	Name="(empty)"
	Generator="ctest-3.25.1"
	CompilerName=""
	CompilerVersion=""
	OSName="Linux"
	Hostname="Kal-el"
	OSRelease="6.1.0-20-amd64"
	OSVersion="#1 SMP PREEMPT_DYNAMIC Debian 6.1.85-1 (2024-04-11)"
	OSPlatform="x86_64"
	Is64Bits="1"
	VendorString="GenuineIntel"
	VendorID="Intel Corporation"
	FamilyID="6"
	ModelID="142"
	ProcessorCacheSize="6144"
	NumberOfLogicalCPU="8"
	NumberOfPhysicalCPU="4"
	TotalVirtualMemory="975"
	TotalPhysicalMemory="23889"
	LogicalProcessorsPerPhysical="2"
	ProcessorClockFrequency="2400"
	>
	<Testing>
		<StartDateTime>Sep 30 21:20 EEST</StartDateTime>
		<StartTestTime>1727720437</StartTestTime>
		<TestList/>
		<EndDateTime>Sep 30 21:20 EEST</EndDateTime>
		<EndTestTime>1727720437</EndTestTime>
		<ElapsedMinutes>0</ElapsedMinutes>
	</Testing>
</Site>
